<?xml version="1.0" encoding="UTF-8"?>
<!-- Generated by org.testng.reporters.JUnitReportReporter -->
<testsuite hostname="Abhishek" failures="0" tests="2" name="com.opiglo.TestScripts.Registration" time="16.569" errors="0" timestamp="2025-01-20T17:01:32 AST" skipped="0">
  <testcase classname="com.opiglo.TestScripts.Registration" name="fullRegistration" time="0.022"/>
  <system-out/>
  <testcase classname="com.opiglo.TestScripts.Registration" name="registration" time="16.547"/>
  <system-out/>
</testsuite> <!-- com.opiglo.TestScripts.Registration -->
